<?xml version="1.0" encoding="UTF-8"?>
<testsuite xmlns:xsi="http://www.w3.org/2001/XMLSchema-instance" xsi:noNamespaceSchemaLocation="https://maven.apache.org/surefire/maven-surefire-plugin/xsd/surefire-test-report-3.0.xsd" version="3.0" name="com.investmentcalc.FinalInvestmentEngineTest" time="0.038" tests="6" errors="0" skipped="0" failures="0">
  <properties>
[...]
</properties>
  <testcase name="testSimpleAnnualCompounding" classname="com.investmentcalc.FinalInvestmentEngineTest" time="0.022">
    <system-out><![CDATA[
=== Test: Simple Annual Compounding ===
Input: $1000 at 10% annually for 1 year(s)
Expected: $1100.00
Actual:   $1100.00
Result:   ✅ PASS
]]></system-out>
  </testcase>
  <testcase name="testNegativeContributions" classname="com.investmentcalc.FinalInvestmentEngineTest" time="0.001">
    <system-out><![CDATA[
=== Test: Negative Contributions (Withdrawals) ===
Input: $10000 starting, withdraw $1000, 10% annually for 1 year
Manual calculation: ($10000 - $1000) × 1.10 = $9900
Expected: $9900.00
Actual:   $9900.00
Result:   ✅ PASS
]]></system-out>
  </testcase>
  <testcase name="testWithContributions" classname="com.investmentcalc.FinalInvestmentEngineTest" time="0.001">
    <system-out><![CDATA[
=== Test: With Additional Contributions ===
Input: $1000 starting + $1000/year at 10% annually for 2 years
Manual calculation:
  Year 1: ($1000 + $1000) × 1.10 = $2200
  Year 2: ($2200 + $1000) × 1.10 = $3520
Expected: $3520.00
Actual:   $3520.00
Result:   ✅ PASS
]]></system-out>
  </testcase>
  <testcase name="testDailyVsMonthlyCompounding" classname="com.investmentcalc.FinalInvestmentEngineTest" time="0.002">
    <system-out><![CDATA[
=== Test: Daily vs Monthly Compounding ===
Input: $1000 at 12% for 1 year(s)
Monthly compounding: $1126.83
Daily compounding:   $1127.47
Difference: $0.64
Result: ✅ PASS (Daily should be higher)
]]></system-out>
  </testcase>
  <testcase name="testKnownCompoundInterestFormula" classname="com.investmentcalc.FinalInvestmentEngineTest" time="0.001">
    <system-out><![CDATA[
=== Test: Known Compound Interest Formula ===
Input: $5000 at 6% quarterly for 3 years
Formula: A = P(1 + r/n)^(nt)
A = 5000(1 + 0.06/4)^(4×3) = 5000(1.015)^12 ≈ $5978.09
Expected: ~$5978.09
Actual:   $5978.09
Difference: $0.00
Result: ✅ PASS (within $1.00 tolerance)
]]></system-out>
  </testcase>
  <testcase name="testMonthlyVsAnnualCompounding" classname="com.investmentcalc.FinalInvestmentEngineTest" time="0.001">
    <system-out><![CDATA[
=== Test: Monthly vs Annual Compounding ===
Input: $1000 at 12% for 1 year(s)
Annual compounding:  $1120.00
Monthly compounding: $1126.83
Difference: $6.83
Result: ✅ PASS (Monthly should be higher)
]]></system-out>
  </testcase>
</testsuite>